<?xml version="1.0" encoding="UTF-8"?>
<testng-results ignored="0" total="2" passed="2" failed="0" skipped="0">
  <reporter-output>
  </reporter-output>
  <suite started-at="2020-07-11T11:38:02 IST" name="Default suite" finished-at="2020-07-11T11:38:21 IST" duration-ms="19362">
    <groups>
    </groups>
    <test started-at="2020-07-11T11:38:02 IST" name="Default test" finished-at="2020-07-11T11:38:21 IST" duration-ms="19362">
      <class name="tests.AppiumCapabalities">
        <test-method is-config="true" signature="setup()[pri:0, instance:tests.AppiumCapabalities@932bc4a]" started-at="2020-07-11T11:38:02 IST" name="setup" finished-at="2020-07-11T11:38:17 IST" duration-ms="15003" status="PASS">
          <reporter-output>
          </reporter-output>
        </test-method> <!-- setup -->
        <test-method signature="samplerun()[pri:0, instance:tests.AppiumCapabalities@932bc4a]" started-at="2020-07-11T11:38:17 IST" name="samplerun" finished-at="2020-07-11T11:38:17 IST" duration-ms="10" status="PASS">
          <reporter-output>
          </reporter-output>
        </test-method> <!-- samplerun -->
        <test-method signature="searchData()[pri:0, instance:tests.AppiumCapabalities@932bc4a]" started-at="2020-07-11T11:38:17 IST" name="searchData" finished-at="2020-07-11T11:38:21 IST" duration-ms="4273" status="PASS">
          <reporter-output>
          </reporter-output>
        </test-method> <!-- searchData -->
        <test-method is-config="true" signature="tearDown()[pri:0, instance:tests.AppiumCapabalities@932bc4a]" started-at="2020-07-11T11:38:21 IST" name="tearDown" finished-at="2020-07-11T11:38:22 IST" duration-ms="712" status="PASS">
          <reporter-output>
          </reporter-output>
        </test-method> <!-- tearDown -->
      </class> <!-- tests.AppiumCapabalities -->
    </test> <!-- Default test -->
  </suite> <!-- Default suite -->
</testng-results>
