<?xml version="1.0" encoding="UTF-8"?>
<testng-results ignored="0" total="2" passed="1" failed="1" skipped="0">
  <reporter-output>
  </reporter-output>
  <suite started-at="2020-07-11T14:26:45 IST" name="Default suite" finished-at="2020-07-11T14:27:17 IST" duration-ms="31739">
    <groups>
    </groups>
    <test started-at="2020-07-11T14:26:45 IST" name="Default test" finished-at="2020-07-11T14:27:17 IST" duration-ms="31739">
      <class name="tests.AppiumCapabalities">
        <test-method is-config="true" signature="setup()[pri:0, instance:tests.AppiumCapabalities@932bc4a]" started-at="2020-07-11T14:26:45 IST" name="setup" finished-at="2020-07-11T14:27:01 IST" duration-ms="15715" status="PASS">
          <reporter-output>
          </reporter-output>
        </test-method> <!-- setup -->
        <test-method signature="samplerun()[pri:0, instance:tests.AppiumCapabalities@932bc4a]" started-at="2020-07-11T14:27:01 IST" name="samplerun" finished-at="2020-07-11T14:27:01 IST" duration-ms="11" status="PASS">
          <reporter-output>
          </reporter-output>
        </test-method> <!-- samplerun -->
        <test-method signature="searchData()[pri:0, instance:tests.AppiumCapabalities@932bc4a]" started-at="2020-07-11T14:27:01 IST" name="searchData" finished-at="2020-07-11T14:27:17 IST" duration-ms="15909" status="FAIL">
          <exception class="org.openqa.selenium.NoSuchElementException">
            <message>
              <![CDATA[An element could not be located on the page using the given search parameters.
For documentation on this error, please visit: https://www.seleniumhq.org/exceptions/no_such_element.html
Build info: version: '3.141.59', revision: 'e82be7d358', time: '2018-11-14T08:17:03'
System info: host: 'ARAVINDH-PL', ip: '192.168.0.100', os.name: 'Windows 10', os.arch: 'amd64', os.version: '10.0', java.version: '11.0.7'
Driver info: io.appium.java_client.android.AndroidDriver
Capabilities {app: C:\Users\Aravindh\git\Amazo..., appActivity: com.amazon.mShop.splashscre..., appPackage: com.amazon.mShop.android.sh..., autoGrantPermissions: true, automationName: UIAutomator2, databaseEnabled: false, desired: {app: C:\Users\Aravindh\git\Amazo..., appActivity: com.amazon.mShop.splashscre..., appPackage: com.amazon.mShop.android.sh..., autoGrantPermissions: true, automationName: UIAutomator2, deviceName: THC3Y18C01001803, fullReset: false, newCommandTimeout: 20000, noReset: true, platformName: android, udid: THC3Y18C01001803}, deviceApiLevel: 29, deviceManufacturer: HUAWEI, deviceModel: JSN-L42, deviceName: THC3Y18C01001803, deviceScreenDensity: 480, deviceScreenSize: 1080x2340, deviceUDID: THC3Y18C01001803, fullReset: false, javascriptEnabled: true, locationContextEnabled: false, networkConnectionEnabled: true, newCommandTimeout: 20000, noReset: true, pixelRatio: 3, platform: LINUX, platformName: Android, platformVersion: 10, statBarHeight: 85, takesScreenshot: true, udid: THC3Y18C01001803, viewportRect: {height: 2052, left: 0, top: 85, width: 1080}, warnings: {}, webStorageEnabled: false}
Session ID: 048caf09-ddb0-4ff2-ae93-644820b835d4
*** Element info: {Using=id, value=com.amazon.mShop.android.shopping:id/skip_sign_in_button}]]>
            </message>
            <full-stacktrace>
              <![CDATA[org.openqa.selenium.NoSuchElementException: An element could not be located on the page using the given search parameters.
For documentation on this error, please visit: https://www.seleniumhq.org/exceptions/no_such_element.html
Build info: version: '3.141.59', revision: 'e82be7d358', time: '2018-11-14T08:17:03'
System info: host: 'ARAVINDH-PL', ip: '192.168.0.100', os.name: 'Windows 10', os.arch: 'amd64', os.version: '10.0', java.version: '11.0.7'
Driver info: io.appium.java_client.android.AndroidDriver
Capabilities {app: C:\Users\Aravindh\git\Amazo..., appActivity: com.amazon.mShop.splashscre..., appPackage: com.amazon.mShop.android.sh..., autoGrantPermissions: true, automationName: UIAutomator2, databaseEnabled: false, desired: {app: C:\Users\Aravindh\git\Amazo..., appActivity: com.amazon.mShop.splashscre..., appPackage: com.amazon.mShop.android.sh..., autoGrantPermissions: true, automationName: UIAutomator2, deviceName: THC3Y18C01001803, fullReset: false, newCommandTimeout: 20000, noReset: true, platformName: android, udid: THC3Y18C01001803}, deviceApiLevel: 29, deviceManufacturer: HUAWEI, deviceModel: JSN-L42, deviceName: THC3Y18C01001803, deviceScreenDensity: 480, deviceScreenSize: 1080x2340, deviceUDID: THC3Y18C01001803, fullReset: false, javascriptEnabled: true, locationContextEnabled: false, networkConnectionEnabled: true, newCommandTimeout: 20000, noReset: true, pixelRatio: 3, platform: LINUX, platformName: Android, platformVersion: 10, statBarHeight: 85, takesScreenshot: true, udid: THC3Y18C01001803, viewportRect: {height: 2052, left: 0, top: 85, width: 1080}, warnings: {}, webStorageEnabled: false}
Session ID: 048caf09-ddb0-4ff2-ae93-644820b835d4
*** Element info: {Using=id, value=com.amazon.mShop.android.shopping:id/skip_sign_in_button}
at java.base/jdk.internal.reflect.NativeConstructorAccessorImpl.newInstance0(Native Method)
at java.base/jdk.internal.reflect.NativeConstructorAccessorImpl.newInstance(NativeConstructorAccessorImpl.java:62)
at java.base/jdk.internal.reflect.DelegatingConstructorAccessorImpl.newInstance(DelegatingConstructorAccessorImpl.java:45)
at java.base/java.lang.reflect.Constructor.newInstance(Constructor.java:490)
at org.openqa.selenium.remote.http.W3CHttpResponseCodec.createException(W3CHttpResponseCodec.java:187)
at org.openqa.selenium.remote.http.W3CHttpResponseCodec.decode(W3CHttpResponseCodec.java:122)
at org.openqa.selenium.remote.http.W3CHttpResponseCodec.decode(W3CHttpResponseCodec.java:49)
at org.openqa.selenium.remote.HttpCommandExecutor.execute(HttpCommandExecutor.java:158)
at io.appium.java_client.remote.AppiumCommandExecutor.execute(AppiumCommandExecutor.java:239)
at org.openqa.selenium.remote.RemoteWebDriver.execute(RemoteWebDriver.java:552)
at io.appium.java_client.DefaultGenericMobileDriver.execute(DefaultGenericMobileDriver.java:41)
at io.appium.java_client.AppiumDriver.execute(AppiumDriver.java:1)
at io.appium.java_client.android.AndroidDriver.execute(AndroidDriver.java:1)
at org.openqa.selenium.remote.RemoteWebDriver.findElement(RemoteWebDriver.java:323)
at io.appium.java_client.DefaultGenericMobileDriver.findElement(DefaultGenericMobileDriver.java:61)
at io.appium.java_client.AppiumDriver.findElement(AppiumDriver.java:1)
at io.appium.java_client.android.AndroidDriver.findElement(AndroidDriver.java:1)
at org.openqa.selenium.remote.RemoteWebDriver.findElementById(RemoteWebDriver.java:372)
at io.appium.java_client.DefaultGenericMobileDriver.findElementById(DefaultGenericMobileDriver.java:69)
at io.appium.java_client.AppiumDriver.findElementById(AppiumDriver.java:1)
at io.appium.java_client.android.AndroidDriver.findElementById(AndroidDriver.java:1)
at org.openqa.selenium.By$ById.findElement(By.java:188)
at org.openqa.selenium.remote.RemoteWebDriver.findElement(RemoteWebDriver.java:315)
at io.appium.java_client.DefaultGenericMobileDriver.findElement(DefaultGenericMobileDriver.java:57)
at io.appium.java_client.AppiumDriver.findElement(AppiumDriver.java:1)
at io.appium.java_client.android.AndroidDriver.findElement(AndroidDriver.java:1)
at tests.AppiumCapabalities.searchData(AppiumCapabalities.java:68)
at java.base/jdk.internal.reflect.NativeMethodAccessorImpl.invoke0(Native Method)
at java.base/jdk.internal.reflect.NativeMethodAccessorImpl.invoke(NativeMethodAccessorImpl.java:62)
at java.base/jdk.internal.reflect.DelegatingMethodAccessorImpl.invoke(DelegatingMethodAccessorImpl.java:43)
at java.base/java.lang.reflect.Method.invoke(Method.java:566)
at org.testng.internal.MethodInvocationHelper.invokeMethod(MethodInvocationHelper.java:135)
at org.testng.internal.TestInvoker.invokeMethod(TestInvoker.java:598)
at org.testng.internal.TestInvoker.invokeTestMethod(TestInvoker.java:174)
at org.testng.internal.MethodRunner.runInSequence(MethodRunner.java:46)
at org.testng.internal.TestInvoker$MethodInvocationAgent.invoke(TestInvoker.java:821)
at org.testng.internal.TestInvoker.invokeTestMethods(TestInvoker.java:147)
at org.testng.internal.TestMethodWorker.invokeTestMethods(TestMethodWorker.java:146)
at org.testng.internal.TestMethodWorker.run(TestMethodWorker.java:128)
at java.base/java.util.ArrayList.forEach(ArrayList.java:1540)
at org.testng.TestRunner.privateRun(TestRunner.java:767)
at org.testng.TestRunner.run(TestRunner.java:588)
at org.testng.SuiteRunner.runTest(SuiteRunner.java:384)
at org.testng.SuiteRunner.runSequentially(SuiteRunner.java:378)
at org.testng.SuiteRunner.privateRun(SuiteRunner.java:337)
at org.testng.SuiteRunner.run(SuiteRunner.java:286)
at org.testng.SuiteRunnerWorker.runSuite(SuiteRunnerWorker.java:53)
at org.testng.SuiteRunnerWorker.run(SuiteRunnerWorker.java:96)
at org.testng.TestNG.runSuitesSequentially(TestNG.java:1214)
at org.testng.TestNG.runSuitesLocally(TestNG.java:1136)
at org.testng.TestNG.runSuites(TestNG.java:1066)
at org.testng.TestNG.run(TestNG.java:1034)
at org.testng.remote.AbstractRemoteTestNG.run(AbstractRemoteTestNG.java:115)
at org.testng.remote.RemoteTestNG.initAndRun(RemoteTestNG.java:251)
at org.testng.remote.RemoteTestNG.main(RemoteTestNG.java:77)
]]>
            </full-stacktrace>
          </exception> <!-- org.openqa.selenium.NoSuchElementException -->
          <reporter-output>
          </reporter-output>
        </test-method> <!-- searchData -->
        <test-method is-config="true" signature="tearDown()[pri:0, instance:tests.AppiumCapabalities@932bc4a]" started-at="2020-07-11T14:27:17 IST" name="tearDown" finished-at="2020-07-11T14:27:19 IST" duration-ms="1319" status="PASS">
          <reporter-output>
          </reporter-output>
        </test-method> <!-- tearDown -->
      </class> <!-- tests.AppiumCapabalities -->
    </test> <!-- Default test -->
  </suite> <!-- Default suite -->
</testng-results>
