<?xml version="1.0" encoding="UTF-8"?>
<!-- Generated by org.testng.reporters.JUnitXMLReporter -->
<testsuite ignored="0" hostname="Aravindh-PL" failures="1" tests="1" name="Test" time="15.796" errors="0" timestamp="2020-07-16T10:30:29 IST">
  <testcase classname="tests.HomePage" name="searchData" time="0.015">
    <failure type="java.lang.NullPointerException">
      <![CDATA[java.lang.NullPointerException
at tests.HomePage.searchData(HomePage.java:32)
at java.base/java.util.ArrayList.forEach(ArrayList.java:1540)
... Removed 27 stack frames]]>
    </failure>
  </testcase> <!-- searchData -->
</testsuite> <!-- Test -->
